Build started 4/11/2016 11:38:10 AM.
     1>Project "c:\Users\brush\documents\visual studio 2015\Projects\EdgeDetectionOnGPU\EdgeDetectionOnGPU\EdgeDetectionOnGPU.vcxproj" on node 2 (Build target(s)).
     1>InitializeBuildStatus:
         Creating "x64\Debug\EdgeDete.E99F5DFC.tlog\unsuccessfulbuild" because "AlwaysCreate" was specified.
       _Intel_OpenCL_Build_Rules:
         Preprocessing: Template.cl
         cmd.exe /Q /C "C:\Users\brush\AppData\Local\Temp\tmpc02bdde0eea849a2b7e05b2453ff2ed8.cmd"
         "C:\Program Files (x86)\Intel\OpenCL SDK\bin\x64\ioc64.exe" -cmd=build -input="c:\Users\brush\documents\visual studio 2015\Projects\EdgeDetectionOnGPU\EdgeDetectionOnGPU\Template.cl" -output="x64\Debug\Template.out" -VS -device=CPU -simd=default -targetos=current        -bo="           "
         Ignoring -TARGETOS option - not supported for 64-bit version of this tool
         Setting target instruction set architecture to: Default (Advanced Vector Extension 2 (AVX2))
         OpenCL Intel CPU device was found!
         Device name: Intel(R) Core(TM) i7-6700K CPU @ 4.00GHz
         Device version: OpenCL 2.0 (Build 10094)
         Device vendor: Intel(R) Corporation
         Device profile: FULL_PROFILE
         Compilation started
         Compilation done
         Linking started
         Linking done
         Device build started
         Device build done
         Kernel <Add> was successfully vectorized (8)
         Done.
         Add info:
         	Maximum work-group size: 8192
         	Compiler work-group size: (0, 0, 0)
         	Local memory size: 0
         	Preferred multiple of work-group size: 128
         	Minimum amount of private memory: 0
         
         Build succeeded!
         
       ClCompile:
         C:\Program Files (x86)\Microsoft Visual Studio 14.0\VC\bin\x86_amd64\CL.exe /c /I"C:\Program Files (x86)\Intel\OpenCL SDK\include" /Zi /nologo /W3 /WX- /Od /D __x86_64 /D _DEBUG /D _CONSOLE /D _UNICODE /D UNICODE /Gm /EHsc /RTC1 /MDd /GS /Zc:wchar_t /Zc:forScope /Zc:inline /Fo"x64\Debug\\" /Fd"x64\Debug\vc140.pdb" /Gd /TP /errorReport:prompt EdgeDetectionOnGPU.cpp
         EdgeDetectionOnGPU.cpp
     1>EdgeDetectionOnGPU.cpp(541): warning C4996: 'clCreateCommandQueue': was declared deprecated
         C:\Program Files (x86)\Intel\OpenCL SDK\include\CL\cl.h(1359): note: see declaration of 'clCreateCommandQueue'
       Link:
         C:\Program Files (x86)\Microsoft Visual Studio 14.0\VC\bin\x86_amd64\link.exe /ERRORREPORT:PROMPT /OUT:"c:\users\brush\documents\visual studio 2015\Projects\EdgeDetectionOnGPU\x64\Debug\EdgeDetectionOnGPU.exe" /INCREMENTAL /NOLOGO /LIBPATH:"C:\Program Files (x86)\Intel\OpenCL SDK\lib\x64" OpenCL.lib opencv_world300d.lib kernel32.lib user32.lib gdi32.lib winspool.lib comdlg32.lib advapi32.lib shell32.lib ole32.lib oleaut32.lib uuid.lib odbc32.lib odbccp32.lib /MANIFEST /MANIFESTUAC:"level='asInvoker' uiAccess='false'" /manifest:embed /Debug /PDB:"c:\users\brush\documents\visual studio 2015\Projects\EdgeDetectionOnGPU\x64\Debug\EdgeDetectionOnGPU.pdb" /TLBID:1 /DYNAMICBASE /NXCOMPAT /IMPLIB:"c:\users\brush\documents\visual studio 2015\Projects\EdgeDetectionOnGPU\x64\Debug\EdgeDetectionOnGPU.lib" /MACHINE:X64 x64\Debug\EdgeDetectionOnGPU.obj
         x64\Debug\utils.obj
         EdgeDetectionOnGPU.vcxproj -> c:\users\brush\documents\visual studio 2015\Projects\EdgeDetectionOnGPU\x64\Debug\EdgeDetectionOnGPU.exe
       PostBuildEvent:
         If exist "*.cl" copy "*.cl" "c:\users\brush\documents\visual studio 2015\Projects\EdgeDetectionOnGPU\x64\Debug\\"
         :VCEnd
         Template.cl
                 1 file(s) copied.
       FinalizeBuildStatus:
         Deleting file "x64\Debug\EdgeDete.E99F5DFC.tlog\unsuccessfulbuild".
         Touching "x64\Debug\EdgeDete.E99F5DFC.tlog\EdgeDetectionOnGPU.lastbuildstate".
     1>Done Building Project "c:\Users\brush\documents\visual studio 2015\Projects\EdgeDetectionOnGPU\EdgeDetectionOnGPU\EdgeDetectionOnGPU.vcxproj" (Build target(s)).

Build succeeded.

Time Elapsed 00:00:01.54
